# JRE version: OpenJDK Runtime Environment (8.0_112-b06) (build 1.8.0_112-release-b06)
# Java VM: OpenJDK 64-Bit Server VM (25.112-b06 mixed mode windows-amd64 compressed oops)
Heap:
 PSYoungGen      total 123392K, used 117483K [0x00000000df700000, 0x00000000ec180000, 0x0000000100000000)
  eden space 113152K, 95% used [0x00000000df700000,0x00000000e610ad00,0x00000000e6580000)
  from space 10240K, 86% used [0x00000000e6580000,0x00000000e6e302e0,0x00000000e6f80000)
  to   space 14336K, 0% used [0x00000000eb380000,0x00000000eb380000,0x00000000ec180000)
 ParOldGen       total 53760K, used 19460K [0x000000009e400000, 0x00000000a1880000, 0x00000000df700000)
  object space 53760K, 36% used [0x000000009e400000,0x000000009f701388,0x00000000a1880000)
 Metaspace       used 44518K, capacity 45440K, committed 45488K, reserved 1089536K
  class space    used 6029K, capacity 6291K, committed 6320K, reserved 1048576K
GC Heap History (10 events):
Event: 5.640 GC heap before
{Heap before GC invocations=7 (full 1):
 PSYoungGen      total 70656K, used 70647K [0x00000000df700000, 0x00000000e7d00000, 0x0000000100000000)
  eden space 65536K, 100% used [0x00000000df700000,0x00000000e3700000,0x00000000e3700000)
  from space 5120K, 99% used [0x00000000e3700000,0x00000000e3bfde80,0x00000000e3c00000)
  to   space 10752K, 0% used [0x00000000e7280000,0x00000000e7280000,0x00000000e7d00000)
 ParOldGen       total 53760K, used 11286K [0x000000009e400000, 0x00000000a1880000, 0x00000000df700000)
  object space 53760K, 20% used [0x000000009e400000,0x000000009ef058c8,0x00000000a1880000)
 Metaspace       used 28479K, capacity 29028K, committed 29360K, reserved 1075200K
  class space    used 3859K, capacity 4010K, committed 4016K, reserved 1048576K
Event: 5.667 GC heap after
Heap after GC invocations=7 (full 1):
 PSYoungGen      total 120320K, used 6066K [0x00000000df700000, 0x00000000e7980000, 0x0000000100000000)
  eden space 113152K, 0% used [0x00000000df700000,0x00000000df700000,0x00000000e6580000)
  from space 7168K, 84% used [0x00000000e7280000,0x00000000e786c900,0x00000000e7980000)
  to   space 10240K, 0% used [0x00000000e6580000,0x00000000e6580000,0x00000000e6f80000)
 ParOldGen       total 53760K, used 11294K [0x000000009e400000, 0x00000000a1880000, 0x00000000df700000)
  object space 53760K, 21% used [0x000000009e400000,0x000000009ef078c8,0x00000000a1880000)
 Metaspace       used 28479K, capacity 29028K, committed 29360K, reserved 1075200K
  class space    used 3859K, capacity 4010K, committed 4016K, reserved 1048576K
}
Event: 6.826 GC heap before
{Heap before GC invocations=8 (full 1):
 PSYoungGen      total 120320K, used 119218K [0x00000000df700000, 0x00000000e7980000, 0x0000000100000000)
  eden space 113152K, 100% used [0x00000000df700000,0x00000000e6580000,0x00000000e6580000)
  from space 7168K, 84% used [0x00000000e7280000,0x00000000e786c900,0x00000000e7980000)
  to   space 10240K, 0% used [0x00000000e6580000,0x00000000e6580000,0x00000000e6f80000)
 ParOldGen       total 53760K, used 11294K [0x000000009e400000, 0x00000000a1880000, 0x00000000df700000)
  object space 53760K, 21% used [0x000000009e400000,0x000000009ef078c8,0x00000000a1880000)
 Metaspace       used 34595K, capacity 35234K, committed 35496K, reserved 1079296K
  class space    used 4641K, capacity 4816K, committed 4912K, reserved 1048576K
Event: 6.863 GC heap after
Heap after GC invocations=8 (full 1):
 PSYoungGen      total 123392K, used 10226K [0x00000000df700000, 0x00000000ecf00000, 0x0000000100000000)
  eden space 113152K, 0% used [0x00000000df700000,0x00000000df700000,0x00000000e6580000)
  from space 10240K, 99% used [0x00000000e6580000,0x00000000e6f7cab8,0x00000000e6f80000)
  to   space 14336K, 0% used [0x00000000ec100000,0x00000000ec100000,0x00000000ecf00000)
 ParOldGen       total 53760K, used 17355K [0x000000009e400000, 0x00000000a1880000, 0x00000000df700000)
  object space 53760K, 32% used [0x000000009e400000,0x000000009f4f2e20,0x00000000a1880000)
 Metaspace       used 34595K, capacity 35234K, committed 35496K, reserved 1079296K
  class space    used 4641K, capacity 4816K, committed 4912K, reserved 1048576K
}
Event: 6.876 GC heap before
{Heap before GC invocations=9 (full 1):
 PSYoungGen      total 123392K, used 12455K [0x00000000df700000, 0x00000000ecf00000, 0x0000000100000000)
  eden space 113152K, 1% used [0x00000000df700000,0x00000000df92d518,0x00000000e6580000)
  from space 10240K, 99% used [0x00000000e6580000,0x00000000e6f7cab8,0x00000000e6f80000)
  to   space 14336K, 0% used [0x00000000ec100000,0x00000000ec100000,0x00000000ecf00000)
 ParOldGen       total 53760K, used 17355K [0x000000009e400000, 0x00000000a1880000, 0x00000000df700000)
  object space 53760K, 32% used [0x000000009e400000,0x000000009f4f2e20,0x00000000a1880000)
 Metaspace       used 34596K, capacity 35234K, committed 35496K, reserved 1079296K
  class space    used 4641K, capacity 4816K, committed 4912K, reserved 1048576K
Event: 6.888 GC heap after
Heap after GC invocations=9 (full 1):
 PSYoungGen      total 127488K, used 10367K [0x00000000df700000, 0x00000000ecf00000, 0x0000000100000000)
  eden space 113152K, 0% used [0x00000000df700000,0x00000000df700000,0x00000000e6580000)
  from space 14336K, 72% used [0x00000000ec100000,0x00000000ecb1fe28,0x00000000ecf00000)
  to   space 10240K, 0% used [0x00000000e6580000,0x00000000e6580000,0x00000000e6f80000)
 ParOldGen       total 53760K, used 17363K [0x000000009e400000, 0x00000000a1880000, 0x00000000df700000)
  object space 53760K, 32% used [0x000000009e400000,0x000000009f4f4e20,0x00000000a1880000)
 Metaspace       used 34596K, capacity 35234K, committed 35496K, reserved 1079296K
  class space    used 4641K, capacity 4816K, committed 4912K, reserved 1048576K
}
Event: 6.888 GC heap before
{Heap before GC invocations=10 (full 2):
 PSYoungGen      total 127488K, used 10367K [0x00000000df700000, 0x00000000ecf00000, 0x0000000100000000)
  eden space 113152K, 0% used [0x00000000df700000,0x00000000df700000,0x00000000e6580000)
  from space 14336K, 72% used [0x00000000ec100000,0x00000000ecb1fe28,0x00000000ecf00000)
  to   space 10240K, 0% used [0x00000000e6580000,0x00000000e6580000,0x00000000e6f80000)
 ParOldGen       total 53760K, used 17363K [0x000000009e400000, 0x00000000a1880000, 0x00000000df700000)
  object space 53760K, 32% used [0x000000009e400000,0x000000009f4f4e20,0x00000000a1880000)
 Metaspace       used 34596K, capacity 35234K, committed 35496K, reserved 1079296K
  class space    used 4641K, capacity 4816K, committed 4912K, reserved 1048576K
Event: 6.963 GC heap after
Heap after GC invocations=10 (full 2):
 PSYoungGen      total 127488K, used 0K [0x00000000df700000, 0x00000000ecf00000, 0x0000000100000000)
  eden space 113152K, 0% used [0x00000000df700000,0x00000000df700000,0x00000000e6580000)
  from space 14336K, 0% used [0x00000000ec100000,0x00000000ec100000,0x00000000ecf00000)
  to   space 10240K, 0% used [0x00000000e6580000,0x00000000e6580000,0x00000000e6f80000)
 ParOldGen       total 53760K, used 19388K [0x000000009e400000, 0x00000000a1880000, 0x00000000df700000)
  object space 53760K, 36% used [0x000000009e400000,0x000000009f6ef378,0x00000000a1880000)
 Metaspace       used 34596K, capacity 35234K, committed 35496K, reserved 1079296K
  class space    used 4641K, capacity 4816K, committed 4912K, reserved 1048576K
}
Event: 12.575 GC heap before
{Heap before GC invocations=11 (full 2):
 PSYoungGen      total 127488K, used 113152K [0x00000000df700000, 0x00000000ecf00000, 0x0000000100000000)
  eden space 113152K, 100% used [0x00000000df700000,0x00000000e6580000,0x00000000e6580000)
  from space 14336K, 0% used [0x00000000ec100000,0x00000000ec100000,0x00000000ecf00000)
  to   space 10240K, 0% used [0x00000000e6580000,0x00000000e6580000,0x00000000e6f80000)
 ParOldGen       total 53760K, used 19388K [0x000000009e400000, 0x00000000a1880000, 0x00000000df700000)
  object space 53760K, 36% used [0x000000009e400000,0x000000009f6ef378,0x00000000a1880000)
 Metaspace       used 40315K, capacity 41146K, committed 41520K, reserved 1085440K
  class space    used 5362K, capacity 5556K, committed 5680K, reserved 1048576K
Event: 12.590 GC heap after
Heap after GC invocations=11 (full 2):
 PSYoungGen      total 123392K, used 8896K [0x00000000df700000, 0x00000000ec180000, 0x0000000100000000)
  eden space 113152K, 0% used [0x00000000df700000,0x00000000df700000,0x00000000e6580000)
  from space 10240K, 86% used [0x00000000e6580000,0x00000000e6e302e0,0x00000000e6f80000)
  to   space 14336K, 0% used [0x00000000eb380000,0x00000000eb380000,0x00000000ec180000)
 ParOldGen       total 53760K, used 19460K [0x000000009e400000, 0x00000000a1880000, 0x00000000df700000)
  object space 53760K, 36% used [0x000000009e400000,0x000000009f701388,0x00000000a1880000)
 Metaspace       used 40315K, capacity 41146K, committed 41520K, reserved 1085440K
  class space    used 5362K, capacity 5556K, committed 5680K, reserved 1048576K
}

